C:\team3566-2014\CAD\EricD.dwg,Model,2/7/2014 2:58:39 PM, ,Epilog Engraver WinX64 Zing,Custom Size,1:1,
C:\team3566-2014\CAD\EricD.dwg,Model,2/7/2014 3:01:28 PM, ,Epilog Engraver WinX64 Zing (temporary).pc3,Custom Size,1:1,
C:\team3566-2014\CAD\EricD.dwg,Model,2/7/2014 3:02:31 PM, ,Epilog Engraver WinX64 Zing (temporary).pc3,Custom Size,1:1,
C:\team3566-2014\CAD\EricD.dwg,Model,2/7/2014 3:03:11 PM, ,Epilog Engraver WinX64 Zing (temporary).pc3,Custom Size,1:1,
C:\team3566-2014\CAD\EricD.dwg,Model,2/7/2014 3:07:44 PM, ,Epilog Engraver WinX64 Zing (temporary).pc3,Custom Size,2:1,
C:\team3566-2014\CAD\Catapult Clamps\2D Lexan Catapult Clamps.dwg,Model,2/7/2014 3:10:24 PM, ,Epilog Engraver WinX64 Zing,Custom Size,1:1,
C:\team3566-2014\CAD\Catapult Clamps\2D Lexan Catapult Clamps.dwg,Model,2/7/2014 3:12:15 PM, ,Epilog Engraver WinX64 Zing,Custom Size,1:1,
C:\team3566-2014\CAD\Catapult Clamps\2D Lexan Catapult Clamps.dwg,Model,2/7/2014 3:21:28 PM, ,Epilog Engraver WinX64 Zing,Custom Size,1:1,
C:\team3566-2014\CAD\Catapult Clamps\2D Lexan Catapult Clamps.dwg,Model,2/7/2014 3:25:03 PM, ,Epilog Engraver WinX64 Zing (temporary).pc3,Custom Size,1:1.02118,
C:\team3566-2014\CAD\Part1.dwg,Model,2/7/2014 5:47:11 PM, ,Epilog Engraver WinX64 Zing (temporary).pc3,Custom Size,1:1,
C:\team3566-2014\CAD\Part1.dwg,Model,2/7/2014 5:50:22 PM, ,Epilog Engraver WinX64 Zing (temporary).pc3,Custom Size,1:1,
C:\team3566-2014\CAD\Winch Robotics\WinchRollerSpacer.dwg,Model,2/9/2014 12:00:46 PM, ,Zing Preview (Pointer On!).pc3,Custom Size,1:1,
C:\team3566-2014\CAD\Winch Robotics\WinchRollerSpacer.dwg,Model,2/9/2014 12:02:06 PM, ,Zing 0.25in Polycarbonate.pc3,Custom Size,1:1,
C:\team3566-2014\CAD\Winch Robotics\WinchRollerSpacer.dwg,Model,2/9/2014 12:04:05 PM, ,Zing 0.25in Polycarbonate.pc3,Custom Size,1:1,
C:\team3566-2014\CAD\Winch Robotics\WinchRollerSpacer.dwg,Model,2/9/2014 12:12:02 PM, ,Zing 0.25in Polycarbonate.pc3,Custom Size,1:1,
C:\Users\robotics\Desktop\Motormount.dwg,Model,2/11/2014 10:57:15 AM, ,Epilog Engraver WinX64 Zing,Custom Size,1:1,
C:\Users\robotics\Desktop\Motormount.dwg,Model,2/11/2014 10:59:27 AM, ,Epilog Engraver WinX64 Zing (temporary).pc3,Custom Size,1:1,
C:\Users\robotics\Desktop\Motormount.dwg,Model,2/11/2014 11:00:43 AM, ,Epilog Engraver WinX64 Zing (temporary).pc3,Custom Size,1:0.283198,
C:\Users\robotics\Desktop\Motormount.dwg,Model,2/11/2014 11:01:48 AM, ,Epilog Engraver WinX64 Zing (temporary).pc3,Custom Size,1:1,
C:\Users\robotics\Desktop\Motormount.dwg,Model,2/11/2014 11:03:12 AM, ,Epilog Engraver WinX64 Zing (temporary).pc3,Custom Size,1:1,
C:\Users\robotics\Desktop\eggcenter.dwg,Model,2/11/2014 7:45:09 PM, ,Epilog Engraver WinX64 Zing (temporary).pc3,Custom Size,1:1,
C:\Users\robotics\Desktop\eggcenter.dwg,Model,2/11/2014 7:48:20 PM, ,Epilog Engraver WinX64 Zing (temporary).pc3,Custom Size,1:1,
