C:\team3566-2014\CAD\Winch Robotics\Triangle-motor-hole.dwg,Layout2,2/3/2014 3:41:47 PM, ,Epilog Engraver WinX64 Zing,Custom Size,1:1,
C:\team3566-2014\CAD\Winch Robotics\Triangle-motor-hole.dwg,Model,2/3/2014 3:44:49 PM, ,Epilog Engraver WinX64 Zing (temporary).pc3,Custom Size,1:1.6907,
C:\team3566-2014\CAD\Winch Robotics\Triangle-motor-hole.dwg,Model,2/3/2014 3:46:06 PM, ,Epilog Engraver WinX64 Zing (temporary).pc3,Custom Size,1:1,
C:\team3566-2014\CAD\Winch Robotics\Triangle-motor-hole.dwg,Model,2/3/2014 4:05:28 PM, ,Epilog Engraver WinX64 Zing (temporary).pc3,Custom Size,1:1.71023,
C:\team3566-2014\CAD\Winch Robotics\Triangle-motor-hole.dwg,Model,2/3/2014 4:08:01 PM, ,Epilog Engraver WinX64 Zing (temporary).pc3,Custom Size,1:1,
C:\team3566-2014\CAD\Winch Robotics\Triangle-motor-hole.dwg,Model,2/3/2014 4:10:13 PM, ,Epilog Engraver WinX64 Zing (temporary).pc3,Custom Size,1:1,
C:\team3566-2014\CAD\Winch Robotics\Triangle-motor-hole.dwg,Model,2/3/2014 4:16:14 PM, ,Epilog Engraver WinX64 Zing,Custom Size,1:1,
C:\team3566-2014\CAD\Winch Robotics\Triangle-motor-hole.dwg,Model,2/3/2014 4:16:59 PM, ,Epilog Engraver WinX64 Zing,Custom Size,1:1,
C:\team3566-2014\CAD\Winch Robotics\Triangle-motor-hole.dwg,Model,2/3/2014 4:17:26 PM, ,Epilog Engraver WinX64 Zing,Custom Size,1:1,
C:\team3566-2014\CAD\Winch Robotics\Triangle-motor-hole.dwg,Model,2/3/2014 4:18:19 PM, ,Epilog Engraver WinX64 Zing (temporary).pc3,Custom Size,1:1,
C:\team3566-2014\CAD\Winch Robotics\Triangle-motor-hole.dwg,Model,2/3/2014 4:19:05 PM, ,Epilog Engraver WinX64 Zing (temporary).pc3,Custom Size,1:1,
C:\team3566-2014\CAD\Winch Robotics\Triangle-motor-hole.dwg,Model,2/3/2014 4:19:31 PM, ,Epilog Engraver WinX64 Zing,Custom Size,1:1,
C:\team3566-2014\CAD\Winch Robotics\Triangle-motor-hole.dwg,Model,2/3/2014 4:20:04 PM, ,Epilog Engraver WinX64 Zing,Custom Size,1:1,
C:\team3566-2014\CAD\Winch Robotics\Triangle-motor-hole.dwg,Model,2/3/2014 4:21:37 PM, ,Epilog Engraver WinX64 Zing (temporary).pc3,Custom Size,1:1,
C:\team3566-2014\CAD\Winch Robotics\Triangle-motor-hole.dwg,Model,2/3/2014 4:23:01 PM, ,Epilog Engraver WinX64 Zing,Custom Size,1:1,
C:\team3566-2014\CAD\Winch Robotics\Triangle-motor-hole.dwg,Model,2/3/2014 4:24:53 PM, ,Epilog Engraver WinX64 Zing,Custom Size,1:1,
C:\team3566-2014\CAD\Winch Robotics\Triangle-motor-hole.dwg,Model,2/3/2014 4:25:33 PM, ,Epilog Engraver WinX64 Zing (temporary).pc3,Custom Size,1:1,
C:\team3566-2014\CAD\Winch Robotics\Triangle-motor-hole.dwg,Model,2/3/2014 4:26:10 PM, ,Epilog Engraver WinX64 Zing (temporary).pc3,Custom Size,1:1,
C:\team3566-2014\CAD\Winch Robotics\Triangle-motor-hole.dwg,Model,2/3/2014 4:26:48 PM, ,Epilog Engraver WinX64 Zing,Custom Size,1:1,
C:\team3566-2014\CAD\Winch Robotics\Triangle-motor-hole.dwg,Model,2/3/2014 4:27:34 PM, ,Epilog Engraver WinX64 Zing,Custom Size,1:1,
C:\team3566-2014\CAD\Winch Robotics\Triangle-PVC-hole.dwg,Model,2/3/2014 4:29:52 PM, ,Epilog Engraver WinX64 Zing,Custom Size,1:1,
C:\team3566-2014\CAD\Winch Robotics\Triangle-PVC-hole.dwg,Model,2/3/2014 4:34:05 PM, ,Epilog Engraver WinX64 Zing,Custom Size,1:1,
C:\team3566-2014\CAD\Winch Robotics\Triangle-PVC-hole.dwg,Model,2/3/2014 4:47:15 PM, ,Epilog Engraver WinX64 Zing,Custom Size,1:1,
C:\team3566-2014\CAD\Winch Robotics\Triangle-5-16-hole.dwg,Model,2/3/2014 4:57:11 PM, ,Epilog Engraver WinX64 Zing (temporary).pc3,Custom Size,1:1,
C:\team3566-2014\CAD\Winch Robotics\Triangle-bearing-hole.dwg,Model,2/3/2014 5:01:35 PM, ,Epilog Engraver WinX64 Zing,Custom Size,1:1,
C:\team3566-2014\CAD\Winch Robotics\Triangle-bearing-hole.dwg,Model,2/3/2014 5:03:28 PM, ,Epilog Engraver WinX64 Zing,Custom Size,1:1,
C:\team3566-2014\CAD\Winch Robotics\Triangle-bearing-hole.dwg,Model,2/3/2014 5:06:04 PM, ,Epilog Engraver WinX64 Zing (temporary).pc3,Custom Size,1:1,
C:\team3566-2014\CAD\Winch Robotics\Strap Shield.dwg,Model,2/3/2014 5:32:51 PM, ,Epilog Engraver WinX64 Zing,Custom Size,1:1,
C:\team3566-2014\CAD\Winch Robotics\Strap Shield.dwg,Model,2/3/2014 5:34:00 PM, ,Epilog Engraver WinX64 Zing,Custom Size,1:1,
C:\team3566-2014\CAD\Winch Robotics\Strap Shield.dwg,Model,2/3/2014 5:35:14 PM, ,Epilog Engraver WinX64 Zing,Custom Size,1:1,
C:\team3566-2014\CAD\Winch Robotics\Strap Shield.dwg,Model,2/3/2014 5:36:18 PM, ,Epilog Engraver WinX64 Zing,Custom Size,1:1,
C:\team3566-2014\CAD\Winch Robotics\Triangle-PVC-hole.dwg,Model,2/3/2014 5:39:19 PM, ,Epilog Engraver WinX64 Zing,Custom Size,1:1,
C:\team3566-2014\CAD\Winch Robotics\Triangle-PVC-hole.dwg,Model,2/3/2014 5:42:11 PM, ,Epilog Engraver WinX64 Zing,Custom Size,1:1,
C:\team3566-2014\CAD\Winch Robotics\Triangle-motor-hole.dwg,Model,2/3/2014 5:44:27 PM, ,Epilog Engraver WinX64 Zing,Custom Size,1:1,
C:\team3566-2014\CAD\Winch Robotics\Triangle-motor-hole.dwg,Model,2/3/2014 5:48:34 PM, ,Epilog Engraver WinX64 Zing,Custom Size,1:1,
C:\team3566-2014\CAD\Winch Robotics\Triangle-bearing-hole.dwg,Model,2/3/2014 5:52:25 PM, ,Epilog Engraver WinX64 Zing (temporary).pc3,Custom Size,1:1,
C:\team3566-2014\CAD\Winch Robotics\Triangle-bearing-hole.dwg,Model,2/3/2014 5:54:52 PM, ,Epilog Engraver WinX64 Zing (temporary).pc3,Custom Size,1:1,
C:\team3566-2014\CAD\Winch Robotics\Triangle-5-16-hole.dwg,Model,2/3/2014 5:59:43 PM, ,Epilog Engraver WinX64 Zing (temporary).pc3,Custom Size,1:1,
C:\team3566-2014\CAD\Winch Robotics\Spacer.dwg,Model,2/3/2014 11:31:30 PM, ,Epilog Engraver WinX64 Zing (temporary).pc3,Custom Size,1:1,
C:\team3566-2014\CAD\Winch Robotics\Spacer.dwg,Model,2/3/2014 11:32:46 PM, ,Epilog Engraver WinX64 Zing (temporary).pc3,Custom Size,1:1,
C:\team3566-2014\CAD\Winch Robotics\Spacer.dwg,Model,2/3/2014 11:33:31 PM, ,Epilog Engraver WinX64 Zing (temporary).pc3,Custom Size,1:1,
C:\team3566-2014\CAD\Winch Robotics\Triangle-motor-hole.dwg,Model,2/4/2014 2:37:47 PM, ,Epilog Engraver WinX64 Zing (temporary).pc3,Custom Size,1:1,
C:\team3566-2014\CAD\Winch Robotics\Triangle-PVC-hole.dwg,Model,2/6/2014 4:14:40 PM, ,Epilog Engraver WinX64 Zing (temporary).pc3,Custom Size,1:1,
C:\team3566-2014\CAD\Winch Robotics\Triangle-PVC-hole.dwg,Model,2/6/2014 4:32:46 PM, ,Epilog Engraver WinX64 Zing,Custom Size,1:1,
C:\team3566-2014\CAD\Winch Robotics\Triangle-PVC-hole.dwg,Model,2/6/2014 4:33:27 PM, ,Epilog Engraver WinX64 Zing (temporary).pc3,Custom Size,1:1,
C:\team3566-2014\CAD\Winch Robotics\Triangle-PVC-hole.dwg,Model,2/6/2014 4:38:34 PM, ,Epilog Engraver WinX64 Zing (temporary).pc3,Custom Size,1:1,
C:\team3566-2014\CAD\Winch Robotics\Triangle-PVC-hole.dwg,Model,2/6/2014 4:42:52 PM, ,Epilog Engraver WinX64 Zing (temporary).pc3,Custom Size,1:1,
C:\team3566-2014\CAD\Winch Robotics\Triangle-PVC-hole.dwg,Model,2/6/2014 5:04:11 PM, ,Epilog Engraver WinX64 Zing (temporary).pc3,Custom Size,1:1,
C:\team3566-2014\CAD\Winch Robotics\Triangle-PVC-hole.dwg,Model,2/6/2014 5:07:15 PM, ,Epilog Engraver WinX64 Zing (temporary).pc3,Custom Size,1:1,
C:\team3566-2014\CAD\Winch Robotics\Triangle-PVC-hole.dwg,Model,2/7/2014 11:34:20 AM, ,Epilog Engraver WinX64 Zing (temporary).pc3,Custom Size,1:1,
C:\team3566-2014\CAD\Winch Robotics\Triangle-PVC-hole.dwg,Model,2/7/2014 11:40:22 AM, ,Epilog Engraver WinX64 Zing (temporary).pc3,Custom Size,1:1,
C:\Users\robotics\Desktop\Motormount.dwg,Model,2/13/2014 4:35:28 PM, ,Epilog Engraver WinX64 Zing (temporary).pc3,Custom Size,1:1,
C:\team3566-CAD-2014\Winch Robotics\Lots of Triangles.dxf,Model,9/30/2014 1:01:47 PM, ,Epilog Engraver WinX64 Zing (temporary)1723.pc3,Custom Size,1:1,
C:\team3566-CAD-2014\Winch Robotics\Lots of Triangles.dwg,Sheet,9/30/2014 4:11:04 PM, ,Epilog Engraver WinX64 Zing (temporary)0409.pc3,Custom Size,1:1,
C:\team3566-CAD-2014\Winch Robotics\Lots of Triangles.dwg,Sheet,9/30/2014 4:15:31 PM, ,Epilog Engraver WinX64 Zing (temporary)2699.pc3,Custom Size,1:1,
C:\team3566-CAD-2014\Winch Robotics\Lots of Triangles.dwg,Sheet,9/30/2014 4:19:05 PM, ,Epilog Engraver WinX64 Zing (temporary)0222.pc3,Custom Size,1:1,
C:\team3566-CAD-2014\Winch Robotics\Lots of Triangles.dwg,Sheet,9/30/2014 4:27:18 PM, ,Epilog Engraver WinX64 Zing,Custom Size,1:1,
C:\team3566-CAD-2014\Winch Robotics\Lots of Triangles.dwg,Sheet,9/30/2014 4:28:46 PM, ,Epilog Engraver WinX64 Zing (temporary)3593.pc3,Custom Size,1:1,
C:\team3566-CAD-2014\Winch Robotics\Lots of Triangles.dwg,Sheet,9/30/2014 4:34:09 PM, ,Epilog Engraver WinX64 Zing (temporary)4694.pc3,Custom Size,1:1,
C:\team3566-CAD-2014\Winch Robotics\Lots of Triangles.dwg,Sheet,9/30/2014 4:37:39 PM, ,Epilog Engraver WinX64 Zing,Letter Rotated,1:1,
C:\team3566-CAD-2014\Winch Robotics\Lots of Triangles.dwg,Sheet,9/30/2014 4:41:28 PM, ,Epilog Engraver WinX64 Zing (temporary)0557.pc3,Custom Size,1:1,
C:\team3566-CAD-2014\Winch Robotics\pairOfTriangles.dwg,Sheet,9/30/2014 5:15:09 PM, ,Epilog Engraver WinX64 Zing,Letter Rotated,1:1,
C:\team3566-CAD-2014\Winch Robotics\pairOfTriangles.dwg,Sheet,9/30/2014 5:16:03 PM, ,Epilog Engraver WinX64 Zing (temporary)1793.pc3,Custom Size,1:1,
C:\team3566-CAD-2014\Winch Robotics\T2.dwg,Layout1,9/30/2014 5:27:21 PM, ,Epilog Engraver WinX64 Zing,Custom Size,1:1,
C:\team3566-CAD-2014\Winch Robotics\T2.dwg,Layout1,9/30/2014 5:28:27 PM, ,Epilog Engraver WinX64 Zing,Custom Size,1:1,
C:\team3566-CAD-2014\Winch Robotics\T2.dwg,Layout1,9/30/2014 5:31:46 PM, ,Epilog Engraver WinX64 Zing (temporary)9363.pc3,Custom Size,1:1,
C:\team3566-CAD-2014\Winch Robotics\T2.dwg,Layout1,9/30/2014 5:36:07 PM, ,Epilog Engraver WinX64 Zing (temporary)9180.pc3,Custom Size,1:1,
C:\team3566-CAD-2014\Winch Robotics\Lots of Triangles.dxf,Model,9/30/2014 5:52:05 PM, ,Epilog Engraver WinX64 Zing (temporary)7881.pc3,Custom Size,1:1,
C:\team3566-CAD-2014\Winch Robotics\Lots of Triangles.dxf,Model,9/30/2014 5:56:10 PM, ,Epilog Engraver WinX64 Zing (temporary)2908.pc3,Custom Size,1:1,
C:\team3566-CAD-2014\Winch Robotics\Lots of Triangles.dxf,Model,9/30/2014 6:04:04 PM, ,Epilog Engraver WinX64 Zing (temporary)1645.pc3,Custom Size,1:1,
C:\team3566-CAD-2014\Winch Robotics\Lots of Triangles.dxf,Model,9/30/2014 6:14:34 PM, ,Epilog Engraver WinX64 Zing (temporary)2525.pc3,Custom Size,1:1,
C:\team3566-CAD-2014\Winch Robotics\pairOfTriangles.dwg,Sheet,9/30/2014 6:28:17 PM, ,Epilog Engraver WinX64 Zing,Custom Size,1:1,
C:\team3566-CAD-2014\Winch Robotics\pairOfTriangles.dwg,Sheet,9/30/2014 6:30:28 PM, ,Epilog Engraver WinX64 Zing (temporary)1299.pc3,Custom Size,1:1,
